<?xml version="1.0" encoding="UTF-8"?>
<testng-results ignored="0" total="1" passed="1" failed="0" skipped="0">
  <reporter-output>
  </reporter-output>
  <suite started-at="2023-03-23T18:00:50 IST" name="OpencartSuite" finished-at="2023-03-23T18:01:00 IST" duration-ms="10020">
    <groups>
    </groups>
    <test started-at="2023-03-23T18:00:50 IST" name="OpencartTest" finished-at="2023-03-23T18:01:00 IST" duration-ms="10020">
      <class name="testCases.TC_001_AccountRegistrationTest">
        <test-method is-config="true" signature="setup(java.lang.String)[pri:0, instance:testCases.TC_001_AccountRegistrationTest@413d1baf]" started-at="2023-03-23T18:00:50 IST" name="setup" finished-at="2023-03-23T18:00:56 IST" duration-ms="6200" status="PASS">
          <params>
            <param index="0">
              <value>
                <![CDATA[chrome]]>
              </value>
            </param>
          </params>
          <reporter-output>
          </reporter-output>
        </test-method> <!-- setup -->
        <test-method signature="test_account_Registration()[pri:0, instance:testCases.TC_001_AccountRegistrationTest@413d1baf]" started-at="2023-03-23T18:00:56 IST" name="test_account_Registration" finished-at="2023-03-23T18:01:00 IST" duration-ms="3654" status="PASS">
          <reporter-output>
          </reporter-output>
        </test-method> <!-- test_account_Registration -->
        <test-method is-config="true" signature="tearDown()[pri:0, instance:testCases.TC_001_AccountRegistrationTest@413d1baf]" started-at="2023-03-23T18:01:00 IST" name="tearDown" finished-at="2023-03-23T18:01:00 IST" duration-ms="133" status="PASS">
          <reporter-output>
          </reporter-output>
        </test-method> <!-- tearDown -->
      </class> <!-- testCases.TC_001_AccountRegistrationTest -->
    </test> <!-- OpencartTest -->
  </suite> <!-- OpencartSuite -->
</testng-results>
